Analysis & Synthesis report for Slave_FPGA
Mon Feb 03 19:37:25 2020
Quartus II 64-Bit Version 13.1.0 Build 162 10/23/2013 SJ Web Edition


---------------------
; Table of Contents ;
---------------------
  1. Legal Notice
  2. Analysis & Synthesis Summary
  3. Analysis & Synthesis Settings
  4. Parallel Compilation
  5. Analysis & Synthesis Source Files Read
  6. Analysis & Synthesis Resource Usage Summary
  7. Analysis & Synthesis Resource Utilization by Entity
  8. General Register Statistics
  9. Multiplexer Restructuring Statistics (Restructuring Performed)
 10. Parameter Settings for User Entity Instance: score2:inst4|MP2X:inst10
 11. Parameter Settings for User Entity Instance: score2:inst4|REGX:inst1
 12. Parameter Settings for User Entity Instance: score2:inst4|REGX:inst3
 13. Parameter Settings for Inferred Entity Instance: Binary2BCD:inst50|lpm_mult:Mult0
 14. lpm_mult Parameter Settings by Entity Instance
 15. Elapsed Time Per Partition
 16. Analysis & Synthesis Messages



----------------
; Legal Notice ;
----------------
Copyright (C) 1991-2013 Altera Corporation
Your use of Altera Corporation's design tools, logic functions 
and other software and tools, and its AMPP partner logic 
functions, and any output files from any of the foregoing 
(including device programming or simulation files), and any 
associated documentation or information are expressly subject 
to the terms and conditions of the Altera Program License 
Subscription Agreement, Altera MegaCore Function License 
Agreement, or other applicable license agreement, including, 
without limitation, that your use is for the sole purpose of 
programming logic devices manufactured by Altera and sold by 
Altera or its authorized distributors.  Please refer to the 
applicable agreement for further details.



+---------------------------------------------------------------------------------+
; Analysis & Synthesis Summary                                                    ;
+------------------------------------+--------------------------------------------+
; Analysis & Synthesis Status        ; Successful - Mon Feb 03 19:37:25 2020      ;
; Quartus II 64-Bit Version          ; 13.1.0 Build 162 10/23/2013 SJ Web Edition ;
; Revision Name                      ; Slave_FPGA                                 ;
; Top-level Entity Name              ; Slave_FPGA                                 ;
; Family                             ; Cyclone III                                ;
; Total logic elements               ; 82                                         ;
;     Total combinational functions  ; 78                                         ;
;     Dedicated logic registers      ; 18                                         ;
; Total registers                    ; 18                                         ;
; Total pins                         ; 19                                         ;
; Total virtual pins                 ; 0                                          ;
; Total memory bits                  ; 0                                          ;
; Embedded Multiplier 9-bit elements ; 0                                          ;
; Total PLLs                         ; 0                                          ;
+------------------------------------+--------------------------------------------+


+----------------------------------------------------------------------------------------------------------------------+
; Analysis & Synthesis Settings                                                                                        ;
+----------------------------------------------------------------------------+--------------------+--------------------+
; Option                                                                     ; Setting            ; Default Value      ;
+----------------------------------------------------------------------------+--------------------+--------------------+
; Device                                                                     ; EP3C16F484C6       ;                    ;
; Top-level entity name                                                      ; Slave_FPGA         ; Slave_FPGA         ;
; Family name                                                                ; Cyclone III        ; Cyclone IV GX      ;
; Use smart compilation                                                      ; Off                ; Off                ;
; Enable parallel Assembler and TimeQuest Timing Analyzer during compilation ; On                 ; On                 ;
; Enable compact report table                                                ; Off                ; Off                ;
; Restructure Multiplexers                                                   ; Auto               ; Auto               ;
; Create Debugging Nodes for IP Cores                                        ; Off                ; Off                ;
; Preserve fewer node names                                                  ; On                 ; On                 ;
; Disable OpenCore Plus hardware evaluation                                  ; Off                ; Off                ;
; Verilog Version                                                            ; Verilog_2001       ; Verilog_2001       ;
; VHDL Version                                                               ; VHDL_1993          ; VHDL_1993          ;
; State Machine Processing                                                   ; Auto               ; Auto               ;
; Safe State Machine                                                         ; Off                ; Off                ;
; Extract Verilog State Machines                                             ; On                 ; On                 ;
; Extract VHDL State Machines                                                ; On                 ; On                 ;
; Ignore Verilog initial constructs                                          ; Off                ; Off                ;
; Iteration limit for constant Verilog loops                                 ; 5000               ; 5000               ;
; Iteration limit for non-constant Verilog loops                             ; 250                ; 250                ;
; Add Pass-Through Logic to Inferred RAMs                                    ; On                 ; On                 ;
; Infer RAMs from Raw Logic                                                  ; On                 ; On                 ;
; Parallel Synthesis                                                         ; On                 ; On                 ;
; DSP Block Balancing                                                        ; Auto               ; Auto               ;
; NOT Gate Push-Back                                                         ; On                 ; On                 ;
; Power-Up Don't Care                                                        ; On                 ; On                 ;
; Remove Redundant Logic Cells                                               ; Off                ; Off                ;
; Remove Duplicate Registers                                                 ; On                 ; On                 ;
; Ignore CARRY Buffers                                                       ; Off                ; Off                ;
; Ignore CASCADE Buffers                                                     ; Off                ; Off                ;
; Ignore GLOBAL Buffers                                                      ; Off                ; Off                ;
; Ignore ROW GLOBAL Buffers                                                  ; Off                ; Off                ;
; Ignore LCELL Buffers                                                       ; Off                ; Off                ;
; Ignore SOFT Buffers                                                        ; On                 ; On                 ;
; Limit AHDL Integers to 32 Bits                                             ; Off                ; Off                ;
; Optimization Technique                                                     ; Balanced           ; Balanced           ;
; Carry Chain Length                                                         ; 70                 ; 70                 ;
; Auto Carry Chains                                                          ; On                 ; On                 ;
; Auto Open-Drain Pins                                                       ; On                 ; On                 ;
; Perform WYSIWYG Primitive Resynthesis                                      ; Off                ; Off                ;
; Auto ROM Replacement                                                       ; On                 ; On                 ;
; Auto RAM Replacement                                                       ; On                 ; On                 ;
; Auto DSP Block Replacement                                                 ; On                 ; On                 ;
; Auto Shift Register Replacement                                            ; Auto               ; Auto               ;
; Allow Shift Register Merging across Hierarchies                            ; Auto               ; Auto               ;
; Auto Clock Enable Replacement                                              ; On                 ; On                 ;
; Strict RAM Replacement                                                     ; Off                ; Off                ;
; Allow Synchronous Control Signals                                          ; On                 ; On                 ;
; Force Use of Synchronous Clear Signals                                     ; Off                ; Off                ;
; Auto RAM Block Balancing                                                   ; On                 ; On                 ;
; Auto RAM to Logic Cell Conversion                                          ; Off                ; Off                ;
; Auto Resource Sharing                                                      ; Off                ; Off                ;
; Allow Any RAM Size For Recognition                                         ; Off                ; Off                ;
; Allow Any ROM Size For Recognition                                         ; Off                ; Off                ;
; Allow Any Shift Register Size For Recognition                              ; Off                ; Off                ;
; Use LogicLock Constraints during Resource Balancing                        ; On                 ; On                 ;
; Ignore translate_off and synthesis_off directives                          ; Off                ; Off                ;
; Timing-Driven Synthesis                                                    ; On                 ; On                 ;
; Report Parameter Settings                                                  ; On                 ; On                 ;
; Report Source Assignments                                                  ; On                 ; On                 ;
; Report Connectivity Checks                                                 ; On                 ; On                 ;
; Ignore Maximum Fan-Out Assignments                                         ; Off                ; Off                ;
; Synchronization Register Chain Length                                      ; 2                  ; 2                  ;
; PowerPlay Power Optimization                                               ; Normal compilation ; Normal compilation ;
; HDL message level                                                          ; Level2             ; Level2             ;
; Suppress Register Optimization Related Messages                            ; Off                ; Off                ;
; Number of Removed Registers Reported in Synthesis Report                   ; 5000               ; 5000               ;
; Number of Swept Nodes Reported in Synthesis Report                         ; 5000               ; 5000               ;
; Number of Inverted Registers Reported in Synthesis Report                  ; 100                ; 100                ;
; Clock MUX Protection                                                       ; On                 ; On                 ;
; Auto Gated Clock Conversion                                                ; Off                ; Off                ;
; Block Design Naming                                                        ; Auto               ; Auto               ;
; SDC constraint protection                                                  ; Off                ; Off                ;
; Synthesis Effort                                                           ; Auto               ; Auto               ;
; Shift Register Replacement - Allow Asynchronous Clear Signal               ; On                 ; On                 ;
; Pre-Mapping Resynthesis Optimization                                       ; Off                ; Off                ;
; Analysis & Synthesis Message Level                                         ; Medium             ; Medium             ;
; Disable Register Merging Across Hierarchies                                ; Auto               ; Auto               ;
; Resource Aware Inference For Block RAM                                     ; On                 ; On                 ;
; Synthesis Seed                                                             ; 1                  ; 1                  ;
+----------------------------------------------------------------------------+--------------------+--------------------+


Parallel compilation was disabled, but you have multiple processors available. Enable parallel compilation to reduce compilation time.
+-------------------------------------+
; Parallel Compilation                ;
+----------------------------+--------+
; Processors                 ; Number ;
+----------------------------+--------+
; Number detected on machine ; 4      ;
; Maximum allowed            ; 1      ;
+----------------------------+--------+


+------------------------------------------------------------------------------------------------------------------------------------------------------------------------------------------+
; Analysis & Synthesis Source Files Read                                                                                                                                                   ;
+----------------------------------+-----------------+------------------------------------+--------------------------------------------------------------------------------------+---------+
; File Name with User-Entered Path ; Used in Netlist ; File Type                          ; File Name with Absolute Path                                                         ; Library ;
+----------------------------------+-----------------+------------------------------------+--------------------------------------------------------------------------------------+---------+
; RisingEdge.bdf                   ; yes             ; User Block Diagram/Schematic File  ; C:/Users/sv180061/Desktop/Slave_FPGA/RisingEdge.bdf                                  ;         ;
; REGX.vhd                         ; yes             ; User VHDL File                     ; C:/Users/sv180061/Desktop/Slave_FPGA/REGX.vhd                                        ;         ;
; MP2X.vhd                         ; yes             ; User VHDL File                     ; C:/Users/sv180061/Desktop/Slave_FPGA/MP2X.vhd                                        ;         ;
; ADD7.bdf                         ; yes             ; User Block Diagram/Schematic File  ; C:/Users/sv180061/Desktop/Slave_FPGA/ADD7.bdf                                        ;         ;
; ADD5.vhd                         ; yes             ; User VHDL File                     ; C:/Users/sv180061/Desktop/Slave_FPGA/ADD5.vhd                                        ;         ;
; ADD1.vhd                         ; yes             ; User VHDL File                     ; C:/Users/sv180061/Desktop/Slave_FPGA/ADD1.vhd                                        ;         ;
; Binary2BCD.vhd                   ; yes             ; User VHDL File                     ; C:/Users/sv180061/Desktop/Slave_FPGA/Binary2BCD.vhd                                  ;         ;
; 7_segment_digit_interface.vhd    ; yes             ; User VHDL File                     ; C:/Users/sv180061/Desktop/Slave_FPGA/7_segment_digit_interface.vhd                   ;         ;
; Slave_FPGA.bdf                   ; yes             ; User Block Diagram/Schematic File  ; C:/Users/sv180061/Desktop/Slave_FPGA/Slave_FPGA.bdf                                  ;         ;
; score2.bdf                       ; yes             ; User Block Diagram/Schematic File  ; C:/Users/sv180061/Desktop/Slave_FPGA/score2.bdf                                      ;         ;
; lpm_mult.tdf                     ; yes             ; Megafunction                       ; c:/program files/altera/13.1/quartus/libraries/megafunctions/lpm_mult.tdf            ;         ;
; aglobal131.inc                   ; yes             ; Megafunction                       ; c:/program files/altera/13.1/quartus/libraries/megafunctions/aglobal131.inc          ;         ;
; lpm_add_sub.inc                  ; yes             ; Megafunction                       ; c:/program files/altera/13.1/quartus/libraries/megafunctions/lpm_add_sub.inc         ;         ;
; multcore.inc                     ; yes             ; Megafunction                       ; c:/program files/altera/13.1/quartus/libraries/megafunctions/multcore.inc            ;         ;
; bypassff.inc                     ; yes             ; Megafunction                       ; c:/program files/altera/13.1/quartus/libraries/megafunctions/bypassff.inc            ;         ;
; altshift.inc                     ; yes             ; Megafunction                       ; c:/program files/altera/13.1/quartus/libraries/megafunctions/altshift.inc            ;         ;
; multcore.tdf                     ; yes             ; Megafunction                       ; c:/program files/altera/13.1/quartus/libraries/megafunctions/multcore.tdf            ;         ;
; csa_add.inc                      ; yes             ; Megafunction                       ; c:/program files/altera/13.1/quartus/libraries/megafunctions/csa_add.inc             ;         ;
; mpar_add.inc                     ; yes             ; Megafunction                       ; c:/program files/altera/13.1/quartus/libraries/megafunctions/mpar_add.inc            ;         ;
; muleabz.inc                      ; yes             ; Megafunction                       ; c:/program files/altera/13.1/quartus/libraries/megafunctions/muleabz.inc             ;         ;
; mul_lfrg.inc                     ; yes             ; Megafunction                       ; c:/program files/altera/13.1/quartus/libraries/megafunctions/mul_lfrg.inc            ;         ;
; mul_boothc.inc                   ; yes             ; Megafunction                       ; c:/program files/altera/13.1/quartus/libraries/megafunctions/mul_boothc.inc          ;         ;
; alt_ded_mult.inc                 ; yes             ; Megafunction                       ; c:/program files/altera/13.1/quartus/libraries/megafunctions/alt_ded_mult.inc        ;         ;
; alt_ded_mult_y.inc               ; yes             ; Megafunction                       ; c:/program files/altera/13.1/quartus/libraries/megafunctions/alt_ded_mult_y.inc      ;         ;
; dffpipe.inc                      ; yes             ; Megafunction                       ; c:/program files/altera/13.1/quartus/libraries/megafunctions/dffpipe.inc             ;         ;
; mpar_add.tdf                     ; yes             ; Megafunction                       ; c:/program files/altera/13.1/quartus/libraries/megafunctions/mpar_add.tdf            ;         ;
; lpm_add_sub.tdf                  ; yes             ; Megafunction                       ; c:/program files/altera/13.1/quartus/libraries/megafunctions/lpm_add_sub.tdf         ;         ;
; addcore.inc                      ; yes             ; Megafunction                       ; c:/program files/altera/13.1/quartus/libraries/megafunctions/addcore.inc             ;         ;
; look_add.inc                     ; yes             ; Megafunction                       ; c:/program files/altera/13.1/quartus/libraries/megafunctions/look_add.inc            ;         ;
; alt_stratix_add_sub.inc          ; yes             ; Megafunction                       ; c:/program files/altera/13.1/quartus/libraries/megafunctions/alt_stratix_add_sub.inc ;         ;
; db/add_sub_gfh.tdf               ; yes             ; Auto-Generated Megafunction        ; C:/Users/sv180061/Desktop/Slave_FPGA/db/add_sub_gfh.tdf                              ;         ;
; altshift.tdf                     ; yes             ; Megafunction                       ; c:/program files/altera/13.1/quartus/libraries/megafunctions/altshift.tdf            ;         ;
+----------------------------------+-----------------+------------------------------------+--------------------------------------------------------------------------------------+---------+


+---------------------------------------------------------+
; Analysis & Synthesis Resource Usage Summary             ;
+---------------------------------------------+-----------+
; Resource                                    ; Usage     ;
+---------------------------------------------+-----------+
; Estimated Total logic elements              ; 82        ;
;                                             ;           ;
; Total combinational functions               ; 78        ;
; Logic element usage by number of LUT inputs ;           ;
;     -- 4 input functions                    ; 32        ;
;     -- 3 input functions                    ; 33        ;
;     -- <=2 input functions                  ; 13        ;
;                                             ;           ;
; Logic elements by mode                      ;           ;
;     -- normal mode                          ; 58        ;
;     -- arithmetic mode                      ; 20        ;
;                                             ;           ;
; Total registers                             ; 18        ;
;     -- Dedicated logic registers            ; 18        ;
;     -- I/O registers                        ; 0         ;
;                                             ;           ;
; I/O pins                                    ; 19        ;
; Embedded Multiplier 9-bit elements          ; 0         ;
; Maximum fan-out node                        ; CLK~input ;
; Maximum fan-out                             ; 18        ;
; Total fan-out                               ; 340       ;
; Average fan-out                             ; 2.54      ;
+---------------------------------------------+-----------+


+-------------------------------------------------------------------------------------------------------------------------------------------------------------------------------------------------------------------------------------------------------------------------------------------------------------+
; Analysis & Synthesis Resource Utilization by Entity                                                                                                                                                                                                                                                         ;
+------------------------------------------------+-------------------+--------------+-------------+--------------+---------+-----------+------+--------------+---------------------------------------------------------------------------------------------------------------------------------+--------------+
; Compilation Hierarchy Node                     ; LC Combinationals ; LC Registers ; Memory Bits ; DSP Elements ; DSP 9x9 ; DSP 18x18 ; Pins ; Virtual Pins ; Full Hierarchy Name                                                                                                             ; Library Name ;
+------------------------------------------------+-------------------+--------------+-------------+--------------+---------+-----------+------+--------------+---------------------------------------------------------------------------------------------------------------------------------+--------------+
; |Slave_FPGA                                    ; 78 (0)            ; 18 (0)       ; 0           ; 0            ; 0       ; 0         ; 19   ; 0            ; |Slave_FPGA                                                                                                                     ; work         ;
;    |Binary2BCD:inst50|                         ; 33 (4)            ; 0 (0)        ; 0           ; 0            ; 0       ; 0         ; 0    ; 0            ; |Slave_FPGA|Binary2BCD:inst50                                                                                                   ; work         ;
;       |lpm_mult:Mult0|                         ; 29 (0)            ; 0 (0)        ; 0           ; 0            ; 0       ; 0         ; 0    ; 0            ; |Slave_FPGA|Binary2BCD:inst50|lpm_mult:Mult0                                                                                    ; work         ;
;          |multcore:mult_core|                  ; 29 (14)           ; 0 (0)        ; 0           ; 0            ; 0       ; 0         ; 0    ; 0            ; |Slave_FPGA|Binary2BCD:inst50|lpm_mult:Mult0|multcore:mult_core                                                                 ; work         ;
;             |mpar_add:padder|                  ; 15 (0)            ; 0 (0)        ; 0           ; 0            ; 0       ; 0         ; 0    ; 0            ; |Slave_FPGA|Binary2BCD:inst50|lpm_mult:Mult0|multcore:mult_core|mpar_add:padder                                                 ; work         ;
;                |lpm_add_sub:adder[0]|          ; 15 (0)            ; 0 (0)        ; 0           ; 0            ; 0       ; 0         ; 0    ; 0            ; |Slave_FPGA|Binary2BCD:inst50|lpm_mult:Mult0|multcore:mult_core|mpar_add:padder|lpm_add_sub:adder[0]                            ; work         ;
;                   |add_sub_gfh:auto_generated| ; 15 (15)           ; 0 (0)        ; 0           ; 0            ; 0       ; 0         ; 0    ; 0            ; |Slave_FPGA|Binary2BCD:inst50|lpm_mult:Mult0|multcore:mult_core|mpar_add:padder|lpm_add_sub:adder[0]|add_sub_gfh:auto_generated ; work         ;
;    |score2:inst4|                              ; 31 (1)            ; 18 (0)       ; 0           ; 0            ; 0       ; 0         ; 0    ; 0            ; |Slave_FPGA|score2:inst4                                                                                                        ; work         ;
;       |ADD7:inst6|                             ; 13 (0)            ; 0 (0)        ; 0           ; 0            ; 0       ; 0         ; 0    ; 0            ; |Slave_FPGA|score2:inst4|ADD7:inst6                                                                                             ; work         ;
;          |ADD5:inst1|                          ; 3 (0)             ; 0 (0)        ; 0           ; 0            ; 0       ; 0         ; 0    ; 0            ; |Slave_FPGA|score2:inst4|ADD7:inst6|ADD5:inst1                                                                                  ; work         ;
;             |ADD1:add10|                       ; 1 (1)             ; 0 (0)        ; 0           ; 0            ; 0       ; 0         ; 0    ; 0            ; |Slave_FPGA|score2:inst4|ADD7:inst6|ADD5:inst1|ADD1:add10                                                                       ; work         ;
;             |ADD1:add11|                       ; 2 (2)             ; 0 (0)        ; 0           ; 0            ; 0       ; 0         ; 0    ; 0            ; |Slave_FPGA|score2:inst4|ADD7:inst6|ADD5:inst1|ADD1:add11                                                                       ; work         ;
;          |ADD5:inst|                           ; 10 (0)            ; 0 (0)        ; 0           ; 0            ; 0       ; 0         ; 0    ; 0            ; |Slave_FPGA|score2:inst4|ADD7:inst6|ADD5:inst                                                                                   ; work         ;
;             |ADD1:add11|                       ; 2 (2)             ; 0 (0)        ; 0           ; 0            ; 0       ; 0         ; 0    ; 0            ; |Slave_FPGA|score2:inst4|ADD7:inst6|ADD5:inst|ADD1:add11                                                                        ; work         ;
;             |ADD1:add12|                       ; 2 (2)             ; 0 (0)        ; 0           ; 0            ; 0       ; 0         ; 0    ; 0            ; |Slave_FPGA|score2:inst4|ADD7:inst6|ADD5:inst|ADD1:add12                                                                        ; work         ;
;             |ADD1:add13|                       ; 1 (1)             ; 0 (0)        ; 0           ; 0            ; 0       ; 0         ; 0    ; 0            ; |Slave_FPGA|score2:inst4|ADD7:inst6|ADD5:inst|ADD1:add13                                                                        ; work         ;
;             |ADD1:add14|                       ; 5 (5)             ; 0 (0)        ; 0           ; 0            ; 0       ; 0         ; 0    ; 0            ; |Slave_FPGA|score2:inst4|ADD7:inst6|ADD5:inst|ADD1:add14                                                                        ; work         ;
;       |MP2X:inst10|                            ; 7 (7)             ; 0 (0)        ; 0           ; 0            ; 0       ; 0         ; 0    ; 0            ; |Slave_FPGA|score2:inst4|MP2X:inst10                                                                                            ; work         ;
;       |REGX:inst1|                             ; 8 (8)             ; 7 (7)        ; 0           ; 0            ; 0       ; 0         ; 0    ; 0            ; |Slave_FPGA|score2:inst4|REGX:inst1                                                                                             ; work         ;
;       |REGX:inst3|                             ; 1 (1)             ; 7 (7)        ; 0           ; 0            ; 0       ; 0         ; 0    ; 0            ; |Slave_FPGA|score2:inst4|REGX:inst3                                                                                             ; work         ;
;       |RisingEdge:inst11|                      ; 1 (1)             ; 2 (2)        ; 0           ; 0            ; 0       ; 0         ; 0    ; 0            ; |Slave_FPGA|score2:inst4|RisingEdge:inst11                                                                                      ; work         ;
;       |RisingEdge:inst12|                      ; 0 (0)             ; 2 (2)        ; 0           ; 0            ; 0       ; 0         ; 0    ; 0            ; |Slave_FPGA|score2:inst4|RisingEdge:inst12                                                                                      ; work         ;
;    |seven_segment_digit_interface:inst51|      ; 7 (7)             ; 0 (0)        ; 0           ; 0            ; 0       ; 0         ; 0    ; 0            ; |Slave_FPGA|seven_segment_digit_interface:inst51                                                                                ; work         ;
;    |seven_segment_digit_interface:inst52|      ; 7 (7)             ; 0 (0)        ; 0           ; 0            ; 0       ; 0         ; 0    ; 0            ; |Slave_FPGA|seven_segment_digit_interface:inst52                                                                                ; work         ;
+------------------------------------------------+-------------------+--------------+-------------+--------------+---------+-----------+------+--------------+---------------------------------------------------------------------------------------------------------------------------------+--------------+
Note: For table entries with two numbers listed, the numbers in parentheses indicate the number of resources of the given type used by the specific entity alone. The numbers listed outside of parentheses indicate the total resources of the given type used by the specific entity and all of its sub-entities in the hierarchy.


+------------------------------------------------------+
; General Register Statistics                          ;
+----------------------------------------------+-------+
; Statistic                                    ; Value ;
+----------------------------------------------+-------+
; Total registers                              ; 18    ;
; Number of registers using Synchronous Clear  ; 7     ;
; Number of registers using Synchronous Load   ; 0     ;
; Number of registers using Asynchronous Clear ; 0     ;
; Number of registers using Asynchronous Load  ; 0     ;
; Number of registers using Clock Enable       ; 13    ;
; Number of registers using Preset             ; 0     ;
+----------------------------------------------+-------+


+-----------------------------------------------------------------------------------------------------------------------------------------------------------+
; Multiplexer Restructuring Statistics (Restructuring Performed)                                                                                            ;
+--------------------+-----------+---------------+----------------------+------------------------+------------+---------------------------------------------+
; Multiplexer Inputs ; Bus Width ; Baseline Area ; Area if Restructured ; Saving if Restructured ; Registered ; Example Multiplexer Output                  ;
+--------------------+-----------+---------------+----------------------+------------------------+------------+---------------------------------------------+
; 3:1                ; 7 bits    ; 14 LEs        ; 7 LEs                ; 7 LEs                  ; Yes        ; |Slave_FPGA|score2:inst4|REGX:inst1|data[6] ;
+--------------------+-----------+---------------+----------------------+------------------------+------------+---------------------------------------------+


+-----------------------------------------------------------------------+
; Parameter Settings for User Entity Instance: score2:inst4|MP2X:inst10 ;
+----------------+-------+----------------------------------------------+
; Parameter Name ; Value ; Type                                         ;
+----------------+-------+----------------------------------------------+
; size           ; 7     ; Signed Integer                               ;
+----------------+-------+----------------------------------------------+
Note: In order to hide this table in the UI and the text report file, please set the "Show Parameter Settings in Synthesis Report" option in "Analysis and Synthesis Settings -> More Settings" to "Off".


+----------------------------------------------------------------------+
; Parameter Settings for User Entity Instance: score2:inst4|REGX:inst1 ;
+----------------+-------+---------------------------------------------+
; Parameter Name ; Value ; Type                                        ;
+----------------+-------+---------------------------------------------+
; size           ; 7     ; Signed Integer                              ;
; default_value  ; 0     ; Signed Integer                              ;
+----------------+-------+---------------------------------------------+
Note: In order to hide this table in the UI and the text report file, please set the "Show Parameter Settings in Synthesis Report" option in "Analysis and Synthesis Settings -> More Settings" to "Off".


+----------------------------------------------------------------------+
; Parameter Settings for User Entity Instance: score2:inst4|REGX:inst3 ;
+----------------+-------+---------------------------------------------+
; Parameter Name ; Value ; Type                                        ;
+----------------+-------+---------------------------------------------+
; size           ; 7     ; Signed Integer                              ;
; default_value  ; 0     ; Signed Integer                              ;
+----------------+-------+---------------------------------------------+
Note: In order to hide this table in the UI and the text report file, please set the "Show Parameter Settings in Synthesis Report" option in "Analysis and Synthesis Settings -> More Settings" to "Off".


+------------------------------------------------------------------------------------+
; Parameter Settings for Inferred Entity Instance: Binary2BCD:inst50|lpm_mult:Mult0  ;
+------------------------------------------------+-------------+---------------------+
; Parameter Name                                 ; Value       ; Type                ;
+------------------------------------------------+-------------+---------------------+
; AUTO_CARRY_CHAINS                              ; ON          ; AUTO_CARRY          ;
; IGNORE_CARRY_BUFFERS                           ; OFF         ; IGNORE_CARRY        ;
; AUTO_CASCADE_CHAINS                            ; ON          ; AUTO_CASCADE        ;
; IGNORE_CASCADE_BUFFERS                         ; OFF         ; IGNORE_CASCADE      ;
; LPM_WIDTHA                                     ; 7           ; Untyped             ;
; LPM_WIDTHB                                     ; 12          ; Untyped             ;
; LPM_WIDTHP                                     ; 19          ; Untyped             ;
; LPM_WIDTHR                                     ; 19          ; Untyped             ;
; LPM_WIDTHS                                     ; 1           ; Untyped             ;
; LPM_REPRESENTATION                             ; UNSIGNED    ; Untyped             ;
; LPM_PIPELINE                                   ; 0           ; Untyped             ;
; LATENCY                                        ; 0           ; Untyped             ;
; INPUT_A_IS_CONSTANT                            ; NO          ; Untyped             ;
; INPUT_B_IS_CONSTANT                            ; YES         ; Untyped             ;
; USE_EAB                                        ; OFF         ; Untyped             ;
; MAXIMIZE_SPEED                                 ; 5           ; Untyped             ;
; DEVICE_FAMILY                                  ; Cyclone III ; Untyped             ;
; CARRY_CHAIN                                    ; MANUAL      ; Untyped             ;
; APEX20K_TECHNOLOGY_MAPPER                      ; LUT         ; TECH_MAPPER_APEX20K ;
; DEDICATED_MULTIPLIER_CIRCUITRY                 ; AUTO        ; Untyped             ;
; DEDICATED_MULTIPLIER_MIN_INPUT_WIDTH_FOR_AUTO  ; 0           ; Untyped             ;
; DEDICATED_MULTIPLIER_MIN_OUTPUT_WIDTH_FOR_AUTO ; 0           ; Untyped             ;
; CBXI_PARAMETER                                 ; NOTHING     ; Untyped             ;
; INPUT_A_FIXED_VALUE                            ; Bx          ; Untyped             ;
; INPUT_B_FIXED_VALUE                            ; Bx          ; Untyped             ;
; USE_AHDL_IMPLEMENTATION                        ; OFF         ; Untyped             ;
+------------------------------------------------+-------------+---------------------+
Note: In order to hide this table in the UI and the text report file, please set the "Show Parameter Settings in Synthesis Report" option in "Analysis and Synthesis Settings -> More Settings" to "Off".


+--------------------------------------------------------------------------+
; lpm_mult Parameter Settings by Entity Instance                           ;
+---------------------------------------+----------------------------------+
; Name                                  ; Value                            ;
+---------------------------------------+----------------------------------+
; Number of entity instances            ; 1                                ;
; Entity Instance                       ; Binary2BCD:inst50|lpm_mult:Mult0 ;
;     -- LPM_WIDTHA                     ; 7                                ;
;     -- LPM_WIDTHB                     ; 12                               ;
;     -- LPM_WIDTHP                     ; 19                               ;
;     -- LPM_REPRESENTATION             ; UNSIGNED                         ;
;     -- INPUT_A_IS_CONSTANT            ; NO                               ;
;     -- INPUT_B_IS_CONSTANT            ; YES                              ;
;     -- USE_EAB                        ; OFF                              ;
;     -- DEDICATED_MULTIPLIER_CIRCUITRY ; AUTO                             ;
;     -- INPUT_A_FIXED_VALUE            ; Bx                               ;
;     -- INPUT_B_FIXED_VALUE            ; Bx                               ;
+---------------------------------------+----------------------------------+


+-------------------------------+
; Elapsed Time Per Partition    ;
+----------------+--------------+
; Partition Name ; Elapsed Time ;
+----------------+--------------+
; Top            ; 00:00:00     ;
+----------------+--------------+


+-------------------------------+
; Analysis & Synthesis Messages ;
+-------------------------------+
Info: *******************************************************************
Info: Running Quartus II 64-Bit Analysis & Synthesis
    Info: Version 13.1.0 Build 162 10/23/2013 SJ Web Edition
    Info: Processing started: Mon Feb 03 19:37:22 2020
Info: Command: quartus_map --read_settings_files=on --write_settings_files=off Slave_FPGA -c Slave_FPGA
Warning (20028): Parallel compilation is not licensed and has been disabled
Info (12021): Found 1 design units, including 1 entities, in source file risingedge.bdf
    Info (12023): Found entity 1: RisingEdge
Info (12021): Found 2 design units, including 1 entities, in source file regx.vhd
    Info (12022): Found design unit 1: REGX-rtl
    Info (12023): Found entity 1: REGX
Info (12021): Found 2 design units, including 1 entities, in source file mp2x.vhd
    Info (12022): Found design unit 1: MP2X-rtl
    Info (12023): Found entity 1: MP2X
Info (12021): Found 1 design units, including 1 entities, in source file add7.bdf
    Info (12023): Found entity 1: ADD7
Info (12021): Found 2 design units, including 1 entities, in source file add5.vhd
    Info (12022): Found design unit 1: ADD5-add5
    Info (12023): Found entity 1: ADD5
Info (12021): Found 2 design units, including 1 entities, in source file add1.vhd
    Info (12022): Found design unit 1: ADD1-add1
    Info (12023): Found entity 1: ADD1
Info (12021): Found 2 design units, including 1 entities, in source file binary2bcd.vhd
    Info (12022): Found design unit 1: Binary2BCD-rtl
    Info (12023): Found entity 1: Binary2BCD
Info (12021): Found 2 design units, including 1 entities, in source file 7_segment_digit_interface.vhd
    Info (12022): Found design unit 1: seven_segment_digit_interface-rtl
    Info (12023): Found entity 1: seven_segment_digit_interface
Info (12021): Found 1 design units, including 1 entities, in source file slave_fpga.bdf
    Info (12023): Found entity 1: Slave_FPGA
Info (12021): Found 1 design units, including 1 entities, in source file score2.bdf
    Info (12023): Found entity 1: score2
Info (12127): Elaborating entity "Slave_FPGA" for the top level hierarchy
Info (12128): Elaborating entity "seven_segment_digit_interface" for hierarchy "seven_segment_digit_interface:inst52"
Info (12128): Elaborating entity "Binary2BCD" for hierarchy "Binary2BCD:inst50"
Info (12128): Elaborating entity "score2" for hierarchy "score2:inst4"
Info (12128): Elaborating entity "MP2X" for hierarchy "score2:inst4|MP2X:inst10"
Info (12128): Elaborating entity "REGX" for hierarchy "score2:inst4|REGX:inst1"
Info (12128): Elaborating entity "RisingEdge" for hierarchy "score2:inst4|RisingEdge:inst12"
Info (12128): Elaborating entity "ADD7" for hierarchy "score2:inst4|ADD7:inst6"
Info (12128): Elaborating entity "ADD5" for hierarchy "score2:inst4|ADD7:inst6|ADD5:inst1"
Info (12128): Elaborating entity "ADD1" for hierarchy "score2:inst4|ADD7:inst6|ADD5:inst1|ADD1:add10"
Info (278001): Inferred 1 megafunctions from design logic
    Info (278003): Inferred multiplier megafunction ("lpm_mult") from the following logic: "Binary2BCD:inst50|Mult0"
Info (12130): Elaborated megafunction instantiation "Binary2BCD:inst50|lpm_mult:Mult0"
Info (12133): Instantiated megafunction "Binary2BCD:inst50|lpm_mult:Mult0" with the following parameter:
    Info (12134): Parameter "LPM_WIDTHA" = "7"
    Info (12134): Parameter "LPM_WIDTHB" = "12"
    Info (12134): Parameter "LPM_WIDTHP" = "19"
    Info (12134): Parameter "LPM_WIDTHR" = "19"
    Info (12134): Parameter "LPM_WIDTHS" = "1"
    Info (12134): Parameter "LPM_REPRESENTATION" = "UNSIGNED"
    Info (12134): Parameter "INPUT_A_IS_CONSTANT" = "NO"
    Info (12134): Parameter "INPUT_B_IS_CONSTANT" = "YES"
    Info (12134): Parameter "MAXIMIZE_SPEED" = "5"
Info (12131): Elaborated megafunction instantiation "Binary2BCD:inst50|lpm_mult:Mult0|multcore:mult_core", which is child of megafunction instantiation "Binary2BCD:inst50|lpm_mult:Mult0"
Info (12131): Elaborated megafunction instantiation "Binary2BCD:inst50|lpm_mult:Mult0|multcore:mult_core|mpar_add:padder", which is child of megafunction instantiation "Binary2BCD:inst50|lpm_mult:Mult0"
Info (12131): Elaborated megafunction instantiation "Binary2BCD:inst50|lpm_mult:Mult0|multcore:mult_core|mpar_add:padder|lpm_add_sub:adder[0]", which is child of megafunction instantiation "Binary2BCD:inst50|lpm_mult:Mult0"
Info (12021): Found 1 design units, including 1 entities, in source file db/add_sub_gfh.tdf
    Info (12023): Found entity 1: add_sub_gfh
Info (12131): Elaborated megafunction instantiation "Binary2BCD:inst50|lpm_mult:Mult0|altshift:external_latency_ffs", which is child of megafunction instantiation "Binary2BCD:inst50|lpm_mult:Mult0"
Info (286030): Timing-Driven Synthesis is running
Info (16010): Generating hard_block partition "hard_block:auto_generated_inst"
    Info (16011): Adding 0 node(s), including 0 DDIO, 0 PLL, 0 transceiver and 0 LCELL
Info (21057): Implemented 101 device resources after synthesis - the final resource count might be different
    Info (21058): Implemented 5 input pins
    Info (21059): Implemented 14 output pins
    Info (21061): Implemented 82 logic cells
Info: Quartus II 64-Bit Analysis & Synthesis was successful. 0 errors, 1 warning
    Info: Peak virtual memory: 4680 megabytes
    Info: Processing ended: Mon Feb 03 19:37:25 2020
    Info: Elapsed time: 00:00:03
    Info: Total CPU time (on all processors): 00:00:02


