Flow report for PaddleNBricksVasilijeStambolicNJovanIvkovic
Mon Feb 03 20:01:37 2020
Quartus II 64-Bit Version 13.1.0 Build 162 10/23/2013 SJ Web Edition


---------------------
; Table of Contents ;
---------------------
  1. Legal Notice
  2. Flow Summary
  3. Flow Settings
  4. Flow Non-Default Global Settings
  5. Flow Elapsed Time
  6. Flow OS Summary
  7. Flow Log
  8. Flow Messages
  9. Flow Suppressed Messages



----------------
; Legal Notice ;
----------------
Copyright (C) 1991-2013 Altera Corporation
Your use of Altera Corporation's design tools, logic functions 
and other software and tools, and its AMPP partner logic 
functions, and any output files from any of the foregoing 
(including device programming or simulation files), and any 
associated documentation or information are expressly subject 
to the terms and conditions of the Altera Program License 
Subscription Agreement, Altera MegaCore Function License 
Agreement, or other applicable license agreement, including, 
without limitation, that your use is for the sole purpose of 
programming logic devices manufactured by Altera and sold by 
Altera or its authorized distributors.  Please refer to the 
applicable agreement for further details.



+----------------------------------------------------------------------------------+
; Flow Summary                                                                     ;
+------------------------------------+---------------------------------------------+
; Flow Status                        ; Successful - Mon Feb 03 20:01:32 2020       ;
; Quartus II 64-Bit Version          ; 13.1.0 Build 162 10/23/2013 SJ Web Edition  ;
; Revision Name                      ; PaddleNBricksVasilijeStambolicNJovanIvkovic ;
; Top-level Entity Name              ; main                                        ;
; Family                             ; Cyclone III                                 ;
; Device                             ; EP3C16F484C6                                ;
; Timing Models                      ; Final                                       ;
; Total logic elements               ; 2,188 / 15,408 ( 14 % )                     ;
;     Total combinational functions  ; 2,157 / 15,408 ( 14 % )                     ;
;     Dedicated logic registers      ; 556 / 15,408 ( 4 % )                        ;
; Total registers                    ; 556                                         ;
; Total pins                         ; 35 / 347 ( 10 % )                           ;
; Total virtual pins                 ; 0                                           ;
; Total memory bits                  ; 0 / 516,096 ( 0 % )                         ;
; Embedded Multiplier 9-bit elements ; 0 / 112 ( 0 % )                             ;
; Total PLLs                         ; 0 / 4 ( 0 % )                               ;
+------------------------------------+---------------------------------------------+


+-----------------------------------------------------------------+
; Flow Settings                                                   ;
+-------------------+---------------------------------------------+
; Option            ; Setting                                     ;
+-------------------+---------------------------------------------+
; Start date & time ; 02/03/2020 20:01:03                         ;
; Main task         ; Compilation                                 ;
; Revision Name     ; PaddleNBricksVasilijeStambolicNJovanIvkovic ;
+-------------------+---------------------------------------------+


+------------------------------------------------------------------------------------------------------------------------------------------------+
; Flow Non-Default Global Settings                                                                                                               ;
+-------------------------------------+---------------------------------+---------------------------------------------+-------------+------------+
; Assignment Name                     ; Value                           ; Default Value                               ; Entity Name ; Section Id ;
+-------------------------------------+---------------------------------+---------------------------------------------+-------------+------------+
; COMPILER_SIGNATURE_ID               ; 128454786939727.158075646300032 ; --                                          ; --          ; --         ;
; MAX_CORE_JUNCTION_TEMP              ; 85                              ; --                                          ; --          ; --         ;
; MIN_CORE_JUNCTION_TEMP              ; 0                               ; --                                          ; --          ; --         ;
; OUTPUT_IO_TIMING_FAR_END_VMEAS      ; Half Signal Swing               ; --                                          ; --          ; --         ;
; OUTPUT_IO_TIMING_FAR_END_VMEAS      ; Half Signal Swing               ; --                                          ; --          ; --         ;
; OUTPUT_IO_TIMING_NEAR_END_VMEAS     ; Half Vccio                      ; --                                          ; --          ; --         ;
; OUTPUT_IO_TIMING_NEAR_END_VMEAS     ; Half Vccio                      ; --                                          ; --          ; --         ;
; PARTITION_COLOR                     ; 16764057                        ; --                                          ; main        ; Top        ;
; PARTITION_FITTER_PRESERVATION_LEVEL ; PLACEMENT_AND_ROUTING           ; --                                          ; main        ; Top        ;
; PARTITION_NETLIST_TYPE              ; SOURCE                          ; --                                          ; main        ; Top        ;
; PROJECT_OUTPUT_DIRECTORY            ; output_files                    ; --                                          ; --          ; --         ;
; TOP_LEVEL_ENTITY                    ; main                            ; PaddleNBricksVasilijeStambolicNJovanIvkovic ; --          ; --         ;
+-------------------------------------+---------------------------------+---------------------------------------------+-------------+------------+


+-------------------------------------------------------------------------------------------------------------------------------+
; Flow Elapsed Time                                                                                                             ;
+---------------------------+--------------+-------------------------+---------------------+------------------------------------+
; Module Name               ; Elapsed Time ; Average Processors Used ; Peak Virtual Memory ; Total CPU Time (on all processors) ;
+---------------------------+--------------+-------------------------+---------------------+------------------------------------+
; Analysis & Synthesis      ; 00:00:07     ; 1.0                     ; 4692 MB             ; 00:00:06                           ;
; Fitter                    ; 00:00:17     ; 1.0                     ; 4991 MB             ; 00:00:16                           ;
; Assembler                 ; 00:00:02     ; 1.0                     ; 4589 MB             ; 00:00:01                           ;
; TimeQuest Timing Analyzer ; 00:00:03     ; 1.0                     ; 4654 MB             ; 00:00:03                           ;
; Total                     ; 00:00:29     ; --                      ; --                  ; 00:00:26                           ;
+---------------------------+--------------+-------------------------+---------------------+------------------------------------+


+----------------------------------------------------------------------------------------+
; Flow OS Summary                                                                        ;
+---------------------------+------------------+-----------+------------+----------------+
; Module Name               ; Machine Hostname ; OS Name   ; OS Version ; Processor type ;
+---------------------------+------------------+-----------+------------+----------------+
; Analysis & Synthesis      ; rti44            ; Windows 7 ; 6.2        ; x86_64         ;
; Fitter                    ; rti44            ; Windows 7 ; 6.2        ; x86_64         ;
; Assembler                 ; rti44            ; Windows 7 ; 6.2        ; x86_64         ;
; TimeQuest Timing Analyzer ; rti44            ; Windows 7 ; 6.2        ; x86_64         ;
+---------------------------+------------------+-----------+------------+----------------+


------------
; Flow Log ;
------------
quartus_map --read_settings_files=on --write_settings_files=off PaddleNBricksVasilijeStambolicNJovanIvkovic -c PaddleNBricksVasilijeStambolicNJovanIvkovic
quartus_fit --read_settings_files=off --write_settings_files=off PaddleNBricksVasilijeStambolicNJovanIvkovic -c PaddleNBricksVasilijeStambolicNJovanIvkovic
quartus_asm --read_settings_files=off --write_settings_files=off PaddleNBricksVasilijeStambolicNJovanIvkovic -c PaddleNBricksVasilijeStambolicNJovanIvkovic
quartus_sta PaddleNBricksVasilijeStambolicNJovanIvkovic -c PaddleNBricksVasilijeStambolicNJovanIvkovic



